
*** Running vivado
    with args -log blinkspeed.vds -m64 -product Vivado -mode batch -messageDb vivado.pb -notrace -source blinkspeed.tcl


ECHO は <OFF> です。
ECHO は <OFF> です。

****** Vivado v2023.2 (64-bit)
  **** SW Build 4029153 on Fri Oct 13 20:14:34 MDT 2023
  **** IP Build 4028589 on Sat Oct 14 00:45:43 MDT 2023
  **** SharedData Build 4025554 on Tue Oct 10 17:18:54 MDT 2023
    ** Copyright 1986-2022 Xilinx, Inc. All Rights Reserved.
    ** Copyright 2022-2023 Advanced Micro Devices, Inc. All Rights Reserved.

source blinkspeed.tcl -notrace
create_project: Time (s): cpu = 00:00:06 ; elapsed = 00:00:11 . Memory (MB): peak = 454.273 ; gain = 183.457
Command: read_checkpoint -auto_incremental -incremental C:/Users/USER/Desktop/EBAZ4205/XilinxFPGA_SE/EBZA4205/02_blinkspeed/project_1/project_1.srcs/utils_1/imports/synth_1/blinkspeed.dcp
INFO: [Vivado 12-5825] Read reference checkpoint from C:/Users/USER/Desktop/EBAZ4205/XilinxFPGA_SE/EBZA4205/02_blinkspeed/project_1/project_1.srcs/utils_1/imports/synth_1/blinkspeed.dcp for incremental synthesis
INFO: [Vivado 12-7989] Please ensure there are no constraint changes
Command: synth_design -top blinkspeed -part xc7z010clg400-1
Starting synth_design
Attempting to get a license for feature 'Synthesis' and/or device 'xc7z010'
INFO: [Common 17-349] Got license for feature 'Synthesis' and/or device 'xc7z010'
INFO: [Device 21-403] Loading part xc7z010clg400-1
INFO: [Designutils 20-5440] No compile time benefit to using incremental synthesis; A full resynthesis will be run
INFO: [Designutils 20-4379] Flow is switching to default flow due to incremental criteria not met. If you would like to alter this behaviour and have the flow terminate instead, please set the following parameter config_implementation {autoIncr.Synth.RejectBehavior Terminate}
INFO: [Synth 8-7079] Multithreading enabled for synth_design using a maximum of 2 processes.
INFO: [Synth 8-7078] Launching helper process for spawning children vivado processes
INFO: [Synth 8-7075] Helper process launched with PID 12356
---------------------------------------------------------------------------------
Starting RTL Elaboration : Time (s): cpu = 00:00:07 ; elapsed = 00:00:13 . Memory (MB): peak = 1291.047 ; gain = 440.047
---------------------------------------------------------------------------------
INFO: [Synth 8-6157] synthesizing module 'blinkspeed' [C:/Users/USER/Desktop/EBAZ4205/XilinxFPGA_SE/EBZA4205/02_blinkspeed/project_1/project_1.srcs/sources_1/imports/HDL/blinkspeed.v:7]
INFO: [Synth 8-6157] synthesizing module 'debounce' [C:/Users/USER/Desktop/EBAZ4205/XilinxFPGA_SE/EBZA4205/02_blinkspeed/project_1/project_1.srcs/sources_1/imports/HDL/debounce.v:7]
INFO: [Synth 8-6155] done synthesizing module 'debounce' (0#1) [C:/Users/USER/Desktop/EBAZ4205/XilinxFPGA_SE/EBZA4205/02_blinkspeed/project_1/project_1.srcs/sources_1/imports/HDL/debounce.v:7]
INFO: [Synth 8-226] default block is never used [C:/Users/USER/Desktop/EBAZ4205/XilinxFPGA_SE/EBZA4205/02_blinkspeed/project_1/project_1.srcs/sources_1/imports/HDL/blinkspeed.v:43]
INFO: [Synth 8-6155] done synthesizing module 'blinkspeed' (0#1) [C:/Users/USER/Desktop/EBAZ4205/XilinxFPGA_SE/EBZA4205/02_blinkspeed/project_1/project_1.srcs/sources_1/imports/HDL/blinkspeed.v:7]
---------------------------------------------------------------------------------
Finished RTL Elaboration : Time (s): cpu = 00:00:08 ; elapsed = 00:00:16 . Memory (MB): peak = 1397.941 ; gain = 546.941
---------------------------------------------------------------------------------
---------------------------------------------------------------------------------
Start Handling Custom Attributes
---------------------------------------------------------------------------------
---------------------------------------------------------------------------------
Finished Handling Custom Attributes : Time (s): cpu = 00:00:08 ; elapsed = 00:00:16 . Memory (MB): peak = 1397.941 ; gain = 546.941
---------------------------------------------------------------------------------
---------------------------------------------------------------------------------
Finished RTL Optimization Phase 1 : Time (s): cpu = 00:00:08 ; elapsed = 00:00:16 . Memory (MB): peak = 1397.941 ; gain = 546.941
---------------------------------------------------------------------------------
Netlist sorting complete. Time (s): cpu = 00:00:00 ; elapsed = 00:00:00.002 . Memory (MB): peak = 1397.941 ; gain = 0.000
INFO: [Project 1-570] Preparing netlist for logic optimization

Processing XDC Constraints
Initializing timing engine
Parsing XDC File [C:/Users/USER/Desktop/EBAZ4205/XilinxFPGA_SE/EBZA4205/02_blinkspeed/project_1/project_1.srcs/constrs_1/imports/blinkspeed/blinkspeed.xdc]
Finished Parsing XDC File [C:/Users/USER/Desktop/EBAZ4205/XilinxFPGA_SE/EBZA4205/02_blinkspeed/project_1/project_1.srcs/constrs_1/imports/blinkspeed/blinkspeed.xdc]
INFO: [Project 1-236] Implementation specific constraints were found while reading constraint file [C:/Users/USER/Desktop/EBAZ4205/XilinxFPGA_SE/EBZA4205/02_blinkspeed/project_1/project_1.srcs/constrs_1/imports/blinkspeed/blinkspeed.xdc]. These constraints will be ignored for synthesis but will be used in implementation. Impacted constraints are listed in the file [.Xil/blinkspeed_propImpl.xdc].
Resolution: To avoid this warning, move constraints listed in [.Xil/blinkspeed_propImpl.xdc] to another XDC file and exclude this new file from synthesis with the used_in_synthesis property (File Properties dialog in GUI) and re-run elaboration/synthesis.
Completed Processing XDC Constraints

Netlist sorting complete. Time (s): cpu = 00:00:00 ; elapsed = 00:00:00 . Memory (MB): peak = 1437.430 ; gain = 0.000
INFO: [Project 1-111] Unisim Transformation Summary:
No Unisim elements were transformed.

指定されたパスが見つかりません。
Constraint Validation Runtime : Time (s): cpu = 00:00:00 ; elapsed = 00:00:00.004 . Memory (MB): peak = 1437.430 ; gain = 0.000
INFO: [Designutils 20-5440] No compile time benefit to using incremental synthesis; A full resynthesis will be run
INFO: [Designutils 20-4379] Flow is switching to default flow due to incremental criteria not met. If you would like to alter this behaviour and have the flow terminate instead, please set the following parameter config_implementation {autoIncr.Synth.RejectBehavior Terminate}
---------------------------------------------------------------------------------
Finished Constraint Validation : Time (s): cpu = 00:00:16 ; elapsed = 00:00:31 . Memory (MB): peak = 1437.430 ; gain = 586.430
---------------------------------------------------------------------------------
---------------------------------------------------------------------------------
Start Loading Part and Timing Information
---------------------------------------------------------------------------------
Loading part: xc7z010clg400-1
---------------------------------------------------------------------------------
Finished Loading Part and Timing Information : Time (s): cpu = 00:00:16 ; elapsed = 00:00:31 . Memory (MB): peak = 1437.430 ; gain = 586.430
---------------------------------------------------------------------------------
---------------------------------------------------------------------------------
Start Applying 'set_property' XDC Constraints
---------------------------------------------------------------------------------
---------------------------------------------------------------------------------
Finished applying 'set_property' XDC Constraints : Time (s): cpu = 00:00:16 ; elapsed = 00:00:32 . Memory (MB): peak = 1437.430 ; gain = 586.430
---------------------------------------------------------------------------------
---------------------------------------------------------------------------------
Finished RTL Optimization Phase 2 : Time (s): cpu = 00:00:16 ; elapsed = 00:00:32 . Memory (MB): peak = 1437.430 ; gain = 586.430
---------------------------------------------------------------------------------
---------------------------------------------------------------------------------
Start RTL Component Statistics 
---------------------------------------------------------------------------------
Detailed RTL Component Info : 
+---Adders : 
	   2 Input    3 Bit       Adders := 1     
	   2 Input    2 Bit       Adders := 1     
+---Registers : 
	                3 Bit    Registers := 1     
	                2 Bit    Registers := 1     
	                1 Bit    Registers := 3     
+---Muxes : 
	   2 Input    3 Bit        Muxes := 1     
	   7 Input    3 Bit        Muxes := 1     
	   2 Input    1 Bit        Muxes := 1     
	   4 Input    1 Bit        Muxes := 1     
---------------------------------------------------------------------------------
Finished RTL Component Statistics 
---------------------------------------------------------------------------------
---------------------------------------------------------------------------------
Start Part Resource Summary
---------------------------------------------------------------------------------
Part Resources:
DSPs: 80 (col length:40)
BRAMs: 120 (col length: RAMB18 40 RAMB36 20)
---------------------------------------------------------------------------------
Finished Part Resource Summary
---------------------------------------------------------------------------------
---------------------------------------------------------------------------------
Start Cross Boundary and Area Optimization
---------------------------------------------------------------------------------
WARNING: [Synth 8-7080] Parallel synthesis criteria is not met
WARNING: [Synth 8-3917] design blinkspeed has port LED_RGB[0] driven by constant 1
---------------------------------------------------------------------------------
Finished Cross Boundary and Area Optimization : Time (s): cpu = 00:00:19 ; elapsed = 00:00:37 . Memory (MB): peak = 1437.430 ; gain = 586.430
---------------------------------------------------------------------------------
---------------------------------------------------------------------------------
Start Applying XDC Timing Constraints
---------------------------------------------------------------------------------
---------------------------------------------------------------------------------
Finished Applying XDC Timing Constraints : Time (s): cpu = 00:00:24 ; elapsed = 00:00:47 . Memory (MB): peak = 1437.430 ; gain = 586.430
---------------------------------------------------------------------------------
---------------------------------------------------------------------------------
Start Timing Optimization
---------------------------------------------------------------------------------
---------------------------------------------------------------------------------
Finished Timing Optimization : Time (s): cpu = 00:00:24 ; elapsed = 00:00:47 . Memory (MB): peak = 1437.430 ; gain = 586.430
---------------------------------------------------------------------------------
---------------------------------------------------------------------------------
Start Technology Mapping
---------------------------------------------------------------------------------
---------------------------------------------------------------------------------
Finished Technology Mapping : Time (s): cpu = 00:00:24 ; elapsed = 00:00:47 . Memory (MB): peak = 1437.430 ; gain = 586.430
---------------------------------------------------------------------------------
---------------------------------------------------------------------------------
Start IO Insertion
---------------------------------------------------------------------------------
---------------------------------------------------------------------------------
Start Flattening Before IO Insertion
---------------------------------------------------------------------------------
---------------------------------------------------------------------------------
Finished Flattening Before IO Insertion
---------------------------------------------------------------------------------
---------------------------------------------------------------------------------
Start Final Netlist Cleanup
---------------------------------------------------------------------------------
---------------------------------------------------------------------------------
Finished Final Netlist Cleanup
---------------------------------------------------------------------------------
---------------------------------------------------------------------------------
Finished IO Insertion : Time (s): cpu = 00:00:28 ; elapsed = 00:00:59 . Memory (MB): peak = 1437.430 ; gain = 586.430
---------------------------------------------------------------------------------
---------------------------------------------------------------------------------
Start Renaming Generated Instances
---------------------------------------------------------------------------------
---------------------------------------------------------------------------------
Finished Renaming Generated Instances : Time (s): cpu = 00:00:28 ; elapsed = 00:00:59 . Memory (MB): peak = 1437.430 ; gain = 586.430
---------------------------------------------------------------------------------
---------------------------------------------------------------------------------
Start Rebuilding User Hierarchy
---------------------------------------------------------------------------------
---------------------------------------------------------------------------------
Finished Rebuilding User Hierarchy : Time (s): cpu = 00:00:28 ; elapsed = 00:00:59 . Memory (MB): peak = 1437.430 ; gain = 586.430
---------------------------------------------------------------------------------
---------------------------------------------------------------------------------
Start Renaming Generated Ports
---------------------------------------------------------------------------------
---------------------------------------------------------------------------------
Finished Renaming Generated Ports : Time (s): cpu = 00:00:28 ; elapsed = 00:00:59 . Memory (MB): peak = 1437.430 ; gain = 586.430
---------------------------------------------------------------------------------
---------------------------------------------------------------------------------
Start Handling Custom Attributes
---------------------------------------------------------------------------------
---------------------------------------------------------------------------------
Finished Handling Custom Attributes : Time (s): cpu = 00:00:28 ; elapsed = 00:00:59 . Memory (MB): peak = 1437.430 ; gain = 586.430
---------------------------------------------------------------------------------
---------------------------------------------------------------------------------
Start Renaming Generated Nets
---------------------------------------------------------------------------------
---------------------------------------------------------------------------------
Finished Renaming Generated Nets : Time (s): cpu = 00:00:28 ; elapsed = 00:00:59 . Memory (MB): peak = 1437.430 ; gain = 586.430
---------------------------------------------------------------------------------
---------------------------------------------------------------------------------
Start Writing Synthesis Report
---------------------------------------------------------------------------------

Report BlackBoxes: 
+-+--------------+----------+
| |BlackBox name |Instances |
+-+--------------+----------+
+-+--------------+----------+

Report Cell Usage: 
+------+-------+------+
|      |Cell   |Count |
+------+-------+------+
|1     |BUFG   |     1|
|2     |CARRY4 |    13|
|3     |LUT1   |     2|
|4     |LUT2   |     3|
|5     |LUT3   |     5|
|6     |LUT4   |     4|
|7     |LUT5   |     2|
|8     |LUT6   |     8|
|9     |FDRE   |    55|
|10    |IBUF   |     3|
|11    |OBUF   |     3|
+------+-------+------+
---------------------------------------------------------------------------------
Finished Writing Synthesis Report : Time (s): cpu = 00:00:28 ; elapsed = 00:00:59 . Memory (MB): peak = 1437.430 ; gain = 586.430
---------------------------------------------------------------------------------
Synthesis finished with 0 errors, 0 critical warnings and 2 warnings.
Synthesis Optimization Runtime : Time (s): cpu = 00:00:18 ; elapsed = 00:00:55 . Memory (MB): peak = 1437.430 ; gain = 546.941
Synthesis Optimization Complete : Time (s): cpu = 00:00:28 ; elapsed = 00:00:59 . Memory (MB): peak = 1437.430 ; gain = 586.430
INFO: [Project 1-571] Translating synthesized netlist
Netlist sorting complete. Time (s): cpu = 00:00:00 ; elapsed = 00:00:00.001 . Memory (MB): peak = 1437.430 ; gain = 0.000
INFO: [Netlist 29-17] Analyzing 13 Unisim elements for replacement
INFO: [Netlist 29-28] Unisim Transformation completed in 0 CPU seconds
INFO: [Project 1-570] Preparing netlist for logic optimization
INFO: [Opt 31-138] Pushed 0 inverter(s) to 0 load pin(s).
Netlist sorting complete. Time (s): cpu = 00:00:00 ; elapsed = 00:00:00 . Memory (MB): peak = 1437.430 ; gain = 0.000
INFO: [Project 1-111] Unisim Transformation Summary:
No Unisim elements were transformed.

指定されたパスが見つかりません。
Synth Design complete | Checksum: 2b228bb6
INFO: [Common 17-83] Releasing license: Synthesis
26 Infos, 2 Warnings, 0 Critical Warnings and 0 Errors encountered.
synth_design completed successfully
synth_design: Time (s): cpu = 00:00:32 ; elapsed = 00:01:12 . Memory (MB): peak = 1437.430 ; gain = 980.203
Write ShapeDB Complete: Time (s): cpu = 00:00:00 ; elapsed = 00:00:00.004 . Memory (MB): peak = 1437.430 ; gain = 0.000
INFO: [Common 17-1381] The checkpoint 'C:/Users/USER/Desktop/EBAZ4205/XilinxFPGA_SE/EBZA4205/02_blinkspeed/project_1/project_1.runs/synth_1/blinkspeed.dcp' has been generated.
INFO: [runtcl-4] Executing : report_utilization -file blinkspeed_utilization_synth.rpt -pb blinkspeed_utilization_synth.pb
INFO: [Common 17-206] Exiting Vivado at Sat Mar 30 15:44:13 2024...
